Arguments: 
  C:\Program Files\nodejs\node.exe C:\Users\Samri\AppData\Roaming\npm\node_modules\yarn\bin\yarn.js add --exact --cwd C:\Users\Samri\music homepage --dev typescript @types/react @types/node

PATH: 
  C:\Users\Samri\music homepage\node_modules\.bin;C:\Users\Samri\node_modules\.bin;C:\Users\node_modules\.bin;C:\node_modules\.bin;C:\Users\Samri\AppData\Roaming\nvm\v20.15.0\node_modules\npm\node_modules\@npmcli\run-script\lib\node-gyp-bin;C:\Python311\Scripts\;C:\Python311\;C:\WINDOWS\system32;C:\WINDOWS;C:\WINDOWS\System32\Wbem;C:\WINDOWS\System32\WindowsPowerShell\v1.0\;C:\WINDOWS\System32\OpenSSH\;C:\Users\Samri\Downloads\Git-2.40.1-64-bit.exe;C:\Users\Samri\Downloads;C:\ProgramData\chocolatey\bin;C:\Program Files\Git\cmd;C:\Program Files\MongoDB\Tools\100\bin;C:\Users\Samri\mongosh-1.9.1-win32-x64\mongosh-1.9.1-win32-x64\bin;C:\Users\Samri\AppData\Roaming\nvm;C:\Program Files\nodejs;C:\Program Files\PostgreSQL;C:\Program Files\PostgreSQL\15\bin;C:\Users\Samri\AppData\Local\Microsoft\WindowsApps;C:\Users\Samri\AppData\Local\Programs\Microsoft VS Code\bin;C:\Users\Samri\AppData\Roaming\npm;C:\Users\Samri\AppData\Roaming\nvm;C:\Program Files\nodejs;C:\Users\Samri\AppData\Local\Programs\cursor\resources\app\bin

Yarn version: 
  1.22.19

Node version: 
  20.15.0

Platform: 
  win32 x64

Trace: 
  Error: EPERM: operation not permitted, unlink 'C:\Users\Samri\AppData\Local\Yarn\Cache\v6\npm-lucide-react-0.292.0-c8a06b2ccd8a348a88669def3c0291c035de2884-integrity\node_modules\lucide-react\.yarn-tarball.tgz'

npm manifest: 
  {
    "name": "music-academy-website",
    "version": "0.1.0",
    "private": true,
    "scripts": {
      "dev": "next dev",
      "build": "next build",
      "start": "next start",
      "lint": "next lint"
    },
    "dependencies": {
      "next": "14.0.0",
      "react": "^18",
      "react-dom": "^18",
      "framer-motion": "^10.16.4",
      "lucide-react": "^0.292.0",
      "tailwindcss": "^3.3.0",
      "autoprefixer": "^10.4.16",
      "postcss": "^8.4.31"
    },
    "devDependencies": {
      "@types/node": "^20",
      "@types/react": "^18",
      "@types/react-dom": "^18",
      "eslint": "^8",
      "eslint-config-next": "14.0.0",
      "typescript": "^5"
    }
  }

yarn manifest: 
  No manifest

Lockfile: 
  No lockfile
